INFO:  latexindent version 3.15, 2022-01-21, a script to indent .tex files
       latexindent lives here: /usr/share/texlive/texmf-dist/scripts/latexindent/
       Sun May 11 16:08:00 2025
       Filename: /home/joagz/Desktop/carpetas/f.e/masacre-napalpi/__latexindent_temp_masacre-napalpi.tex
INFO:  Processing switches:
       -y|--yaml: YAML settings specified via command line
       -c|--cruft: cruft directory
INFO:  Directory for backup files and /home/joagz/Desktop/carpetas/f.e/ddhh//indent.log: /home/joagz/Desktop/carpetas/f.e/ddhh/
INFO:  YAML settings read: defaultSettings.yaml
       Reading defaultSettings.yaml from /usr/share/texlive/texmf-dist/scripts/latexindent/defaultSettings.yaml
INFO:  YAML settings read: indentconfig.yaml or .indentconfig.yaml
       Home directory is /home/joagz (didn't find either indentconfig.yaml or .indentconfig.yaml)
       To specify user settings you would put indentconfig.yaml here: /home/joagz/indentconfig.yaml
       Alternatively, you can use the hidden file .indentconfig.yaml as: /home/joagz/.indentconfig.yaml
INFO:  YAML settings read: -y switch
       YAML setting: defaultIndent:'    '
       single-quoted string found in -y switch: '    ', substitute to     
       Updating mainSettings with defaultIndent:     
FATAL I couldn't find /home/joagz/Desktop/carpetas/f.e/masacre-napalpi/__latexindent_temp_masacre-napalpi.tex, are you sure it exists?
      Exiting, no indendation done.
       --------------
INFO:  Please direct all communication/issues to:
        https://github.com/cmhughes/latexindent.pl
